<?xml version="1.0" encoding="utf-8"?>
<TestRun id="f2ad225c-8a7c-47d3-8473-e1ed7f3dfba6" name="max@PC-MAX 2025-11-28 23:13:20" runUser="PC-MAX\max" xmlns="http://microsoft.com/schemas/VisualStudio/TeamTest/2010">
  <Times creation="2025-11-28T23:13:20.4506514+01:00" queuing="2025-11-28T23:13:20.4506515+01:00" start="2025-11-28T23:13:19.9804230+01:00" finish="2025-11-28T23:13:20.4617410+01:00" />
  <TestSettings name="default" id="aa8b2227-ee52-4649-8a57-8060e2eb05bd">
    <Deployment runDeploymentRoot="max_PC-MAX_2025-11-28_23_13_20" />
  </TestSettings>
  <Results>
    <UnitTestResult executionId="c46e42c6-43ce-4ac3-b15f-7c02129978f4" testId="98701a94-5253-03ce-553b-d8f7ea374d71" testName="TypeLogic.LiskovWingSubstitutions.Tests.InstanceConversionTests.Tests_00_NonConvertibleToDefault" computerName="PC-MAX" duration="00:00:00.0007327" startTime="2025-11-28T23:13:20.3855199+01:00" endTime="2025-11-28T23:13:20.3855200+01:00" testType="13cdc9d9-ddb5-4fa4-a97d-d965ccfc6d4b" outcome="Passed" testListId="8c84fa94-04c1-424b-9868-57a2d4851a1d" relativeResultsDirectory="c46e42c6-43ce-4ac3-b15f-7c02129978f4" />
    <UnitTestResult executionId="ba55988d-43ee-4f3a-b90a-7c4fc1a7e3a8" testId="17064967-7b9c-9523-0dfc-acb765a60ce0" testName="TypeLogic.LiskovWingSubstitutions.Tests.TypeVarianceTests.Tests_01_Liskov_GenericTypesVariance" computerName="PC-MAX" duration="00:00:00.0035803" startTime="2025-11-28T23:13:20.3814048+01:00" endTime="2025-11-28T23:13:20.3814049+01:00" testType="13cdc9d9-ddb5-4fa4-a97d-d965ccfc6d4b" outcome="Passed" testListId="8c84fa94-04c1-424b-9868-57a2d4851a1d" relativeResultsDirectory="ba55988d-43ee-4f3a-b90a-7c4fc1a7e3a8" />
    <UnitTestResult executionId="879d4335-381c-485c-b674-aa8886d13dc2" testId="05309802-02cf-6742-44c6-82c57424daf1" testName="TypeLogic.LiskovWingSubstitutions.Tests.TypeVarianceTests.Tests_02_Liskov_GenericTypeDefinitionsVarianceTests" computerName="PC-MAX" duration="00:00:00.0382083" startTime="2025-11-28T23:13:20.3793685+01:00" endTime="2025-11-28T23:13:20.3793802+01:00" testType="13cdc9d9-ddb5-4fa4-a97d-d965ccfc6d4b" outcome="Failed" testListId="8c84fa94-04c1-424b-9868-57a2d4851a1d" relativeResultsDirectory="879d4335-381c-485c-b674-aa8886d13dc2">
      <Output>
        <ErrorInfo>
          <Message>Assert.Equal() Failure: Values differ&#xD;
Expected: typeof(TypeLogic.LiskovWingSubstitutions.Tests.TestTypes.Range&lt;DateTime&gt;)&#xD;
Actual:   typeof(TypeLogic.LiskovWingSubstitutions.Tests.TestTypes.DateTimeRange)</Message>
          <StackTrace>   at TypeLogic.LiskovWingSubstitutions.Tests.TypeVarianceTests.Tests_02_Liskov_GenericTypeDefinitionsVarianceTests() in D:\Repos\TypeLogic.LiskovWingSubstitution\TypeLogic.LiskovWingSubstitution.Tests\_0_TypeVarianceTests.cs:line 67&#xD;
   at System.RuntimeMethodHandle.InvokeMethod(Object target, Void** arguments, Signature sig, Boolean isConstructor)&#xD;
   at System.Reflection.MethodBaseInvoker.InvokeWithNoArgs(Object obj, BindingFlags invokeAttr)</StackTrace>
        </ErrorInfo>
      </Output>
    </UnitTestResult>
    <UnitTestResult executionId="604303e1-8096-4628-abbf-90d536f548fc" testId="a2c58a40-c093-ba31-512b-d04c10460f40" testName="TypeLogic.LiskovWingSubstitutions.Tests.InstanceConversionTests.Tests_02_GenericTypeDefinitionConversions" computerName="PC-MAX" duration="00:00:00.0530618" startTime="2025-11-28T23:13:20.3847470+01:00" endTime="2025-11-28T23:13:20.3847471+01:00" testType="13cdc9d9-ddb5-4fa4-a97d-d965ccfc6d4b" outcome="Passed" testListId="8c84fa94-04c1-424b-9868-57a2d4851a1d" relativeResultsDirectory="604303e1-8096-4628-abbf-90d536f548fc" />
    <UnitTestResult executionId="965c9a36-d2ae-4e08-9227-a3d41b9805b8" testId="4e68bde5-f0ef-04b8-aee3-faba1275f710" testName="TypeLogic.LiskovWingSubstitutions.Tests.TypeVarianceTests.Tests_00_NativeVarianceTests" computerName="PC-MAX" duration="00:00:00.0004015" startTime="2025-11-28T23:13:20.3814792+01:00" endTime="2025-11-28T23:13:20.3814793+01:00" testType="13cdc9d9-ddb5-4fa4-a97d-d965ccfc6d4b" outcome="Passed" testListId="8c84fa94-04c1-424b-9868-57a2d4851a1d" relativeResultsDirectory="965c9a36-d2ae-4e08-9227-a3d41b9805b8" />
  </Results>
  <TestDefinitions>
    <UnitTest name="TypeLogic.LiskovWingSubstitutions.Tests.InstanceConversionTests.Tests_00_NonConvertibleToDefault" storage="d:\repos\typelogic.liskovwingsubstitution\typelogic.liskovwingsubstitution.tests\bin\debug\net8.0\typelogic.liskovwingsubstitution.tests.dll" id="98701a94-5253-03ce-553b-d8f7ea374d71">
      <Execution id="c46e42c6-43ce-4ac3-b15f-7c02129978f4" />
      <TestMethod codeBase="D:\Repos\TypeLogic.LiskovWingSubstitution\TypeLogic.LiskovWingSubstitution.Tests\bin\Debug\net8.0\TypeLogic.LiskovWingSubstitution.Tests.dll" adapterTypeName="executor://xunit/VsTestRunner2/netcoreapp" className="TypeLogic.LiskovWingSubstitutions.Tests.InstanceConversionTests" name="Tests_00_NonConvertibleToDefault" />
    </UnitTest>
    <UnitTest name="TypeLogic.LiskovWingSubstitutions.Tests.TypeVarianceTests.Tests_00_NativeVarianceTests" storage="d:\repos\typelogic.liskovwingsubstitution\typelogic.liskovwingsubstitution.tests\bin\debug\net8.0\typelogic.liskovwingsubstitution.tests.dll" id="4e68bde5-f0ef-04b8-aee3-faba1275f710">
      <Execution id="965c9a36-d2ae-4e08-9227-a3d41b9805b8" />
      <TestMethod codeBase="D:\Repos\TypeLogic.LiskovWingSubstitution\TypeLogic.LiskovWingSubstitution.Tests\bin\Debug\net8.0\TypeLogic.LiskovWingSubstitution.Tests.dll" adapterTypeName="executor://xunit/VsTestRunner2/netcoreapp" className="TypeLogic.LiskovWingSubstitutions.Tests.TypeVarianceTests" name="Tests_00_NativeVarianceTests" />
    </UnitTest>
    <UnitTest name="TypeLogic.LiskovWingSubstitutions.Tests.TypeVarianceTests.Tests_01_Liskov_GenericTypesVariance" storage="d:\repos\typelogic.liskovwingsubstitution\typelogic.liskovwingsubstitution.tests\bin\debug\net8.0\typelogic.liskovwingsubstitution.tests.dll" id="17064967-7b9c-9523-0dfc-acb765a60ce0">
      <Execution id="ba55988d-43ee-4f3a-b90a-7c4fc1a7e3a8" />
      <TestMethod codeBase="D:\Repos\TypeLogic.LiskovWingSubstitution\TypeLogic.LiskovWingSubstitution.Tests\bin\Debug\net8.0\TypeLogic.LiskovWingSubstitution.Tests.dll" adapterTypeName="executor://xunit/VsTestRunner2/netcoreapp" className="TypeLogic.LiskovWingSubstitutions.Tests.TypeVarianceTests" name="Tests_01_Liskov_GenericTypesVariance" />
    </UnitTest>
    <UnitTest name="TypeLogic.LiskovWingSubstitutions.Tests.TypeVarianceTests.Tests_02_Liskov_GenericTypeDefinitionsVarianceTests" storage="d:\repos\typelogic.liskovwingsubstitution\typelogic.liskovwingsubstitution.tests\bin\debug\net8.0\typelogic.liskovwingsubstitution.tests.dll" id="05309802-02cf-6742-44c6-82c57424daf1">
      <Execution id="879d4335-381c-485c-b674-aa8886d13dc2" />
      <TestMethod codeBase="D:\Repos\TypeLogic.LiskovWingSubstitution\TypeLogic.LiskovWingSubstitution.Tests\bin\Debug\net8.0\TypeLogic.LiskovWingSubstitution.Tests.dll" adapterTypeName="executor://xunit/VsTestRunner2/netcoreapp" className="TypeLogic.LiskovWingSubstitutions.Tests.TypeVarianceTests" name="Tests_02_Liskov_GenericTypeDefinitionsVarianceTests" />
    </UnitTest>
    <UnitTest name="TypeLogic.LiskovWingSubstitutions.Tests.InstanceConversionTests.Tests_02_GenericTypeDefinitionConversions" storage="d:\repos\typelogic.liskovwingsubstitution\typelogic.liskovwingsubstitution.tests\bin\debug\net8.0\typelogic.liskovwingsubstitution.tests.dll" id="a2c58a40-c093-ba31-512b-d04c10460f40">
      <Execution id="604303e1-8096-4628-abbf-90d536f548fc" />
      <TestMethod codeBase="D:\Repos\TypeLogic.LiskovWingSubstitution\TypeLogic.LiskovWingSubstitution.Tests\bin\Debug\net8.0\TypeLogic.LiskovWingSubstitution.Tests.dll" adapterTypeName="executor://xunit/VsTestRunner2/netcoreapp" className="TypeLogic.LiskovWingSubstitutions.Tests.InstanceConversionTests" name="Tests_02_GenericTypeDefinitionConversions" />
    </UnitTest>
  </TestDefinitions>
  <TestEntries>
    <TestEntry testId="98701a94-5253-03ce-553b-d8f7ea374d71" executionId="c46e42c6-43ce-4ac3-b15f-7c02129978f4" testListId="8c84fa94-04c1-424b-9868-57a2d4851a1d" />
    <TestEntry testId="17064967-7b9c-9523-0dfc-acb765a60ce0" executionId="ba55988d-43ee-4f3a-b90a-7c4fc1a7e3a8" testListId="8c84fa94-04c1-424b-9868-57a2d4851a1d" />
    <TestEntry testId="05309802-02cf-6742-44c6-82c57424daf1" executionId="879d4335-381c-485c-b674-aa8886d13dc2" testListId="8c84fa94-04c1-424b-9868-57a2d4851a1d" />
    <TestEntry testId="a2c58a40-c093-ba31-512b-d04c10460f40" executionId="604303e1-8096-4628-abbf-90d536f548fc" testListId="8c84fa94-04c1-424b-9868-57a2d4851a1d" />
    <TestEntry testId="4e68bde5-f0ef-04b8-aee3-faba1275f710" executionId="965c9a36-d2ae-4e08-9227-a3d41b9805b8" testListId="8c84fa94-04c1-424b-9868-57a2d4851a1d" />
  </TestEntries>
  <TestLists>
    <TestList name="Les résultats ne figurent pas dans une liste" id="8c84fa94-04c1-424b-9868-57a2d4851a1d" />
    <TestList name="Tous les résultats chargés" id="19431567-8539-422a-85d7-44ee4e166bda" />
  </TestLists>
  <ResultSummary outcome="Failed">
    <Counters total="5" executed="5" passed="4" failed="1" error="0" timeout="0" aborted="0" inconclusive="0" passedButRunAborted="0" notRunnable="0" notExecuted="0" disconnected="0" warning="0" completed="0" inProgress="0" pending="0" />
    <Output>
      <StdOut>[xUnit.net 00:00:00.00] xUnit.net VSTest Adapter v2.5.3.1+6b60a9e56a (64-bit .NET 8.0.22)&#xD;
[xUnit.net 00:00:00.05]   Discovering: TypeLogic.LiskovWingSubstitution.Tests&#xD;
[xUnit.net 00:00:00.07]   Discovered:  TypeLogic.LiskovWingSubstitution.Tests&#xD;
[xUnit.net 00:00:00.07]   Starting:    TypeLogic.LiskovWingSubstitution.Tests&#xD;
[xUnit.net 00:00:00.14]       Assert.Equal() Failure: Values differ&#xD;
[xUnit.net 00:00:00.14]       Expected: typeof(TypeLogic.LiskovWingSubstitutions.Tests.TestTypes.Range&lt;DateTime&gt;)&#xD;
[xUnit.net 00:00:00.14]       Actual:   typeof(TypeLogic.LiskovWingSubstitutions.Tests.TestTypes.DateTimeRange)&#xD;
[xUnit.net 00:00:00.14]       Stack Trace:&#xD;
[xUnit.net 00:00:00.14]         D:\Repos\TypeLogic.LiskovWingSubstitution\TypeLogic.LiskovWingSubstitution.Tests\_0_TypeVarianceTests.cs(67,0): at TypeLogic.LiskovWingSubstitutions.Tests.TypeVarianceTests.Tests_02_Liskov_GenericTypeDefinitionsVarianceTests()&#xD;
[xUnit.net 00:00:00.14]            at System.RuntimeMethodHandle.InvokeMethod(Object target, Void** arguments, Signature sig, Boolean isConstructor)&#xD;
[xUnit.net 00:00:00.14]            at System.Reflection.MethodBaseInvoker.InvokeWithNoArgs(Object obj, BindingFlags invokeAttr)&#xD;
[xUnit.net 00:00:00.15]   Finished:    TypeLogic.LiskovWingSubstitution.Tests&#xD;
</StdOut>
    </Output>
    <RunInfos>
      <RunInfo computerName="PC-MAX" outcome="Error" timestamp="2025-11-28T23:13:20.3773596+01:00">
        <Text>[xUnit.net 00:00:00.14]     TypeLogic.LiskovWingSubstitutions.Tests.TypeVarianceTests.Tests_02_Liskov_GenericTypeDefinitionsVarianceTests [FAIL]</Text>
      </RunInfo>
    </RunInfos>
  </ResultSummary>
</TestRun>